Determining if the pthread_create exist failed with the following output:
Change Dir: /home/h/catkin_ws/build/CMakeFiles/CMakeTmp

Run Build Command:/usr/bin/make "cmTryCompileExec2049503618/fast"
/usr/bin/make -f CMakeFiles/cmTryCompileExec2049503618.dir/build.make CMakeFiles/cmTryCompileExec2049503618.dir/build
make[1]: Entering directory `/home/h/catkin_ws/build/CMakeFiles/CMakeTmp'
/usr/bin/cmake -E cmake_progress_report /home/h/catkin_ws/build/CMakeFiles/CMakeTmp/CMakeFiles 1
Building C object CMakeFiles/cmTryCompileExec2049503618.dir/CheckSymbolExists.c.o
/usr/bin/cc    -o CMakeFiles/cmTryCompileExec2049503618.dir/CheckSymbolExists.c.o   -c /home/h/catkin_ws/build/CMakeFiles/CMakeTmp/CheckSymbolExists.c
Linking C executable cmTryCompileExec2049503618
/usr/bin/cmake -E cmake_link_script CMakeFiles/cmTryCompileExec2049503618.dir/link.txt --verbose=1
/usr/bin/cc       CMakeFiles/cmTryCompileExec2049503618.dir/CheckSymbolExists.c.o  -o cmTryCompileExec2049503618 -rdynamic 
CMakeFiles/cmTryCompileExec2049503618.dir/CheckSymbolExists.c.o: In function `main':
CheckSymbolExists.c:(.text+0x16): undefined reference to `pthread_create'
collect2: error: ld returned 1 exit status
make[1]: *** [cmTryCompileExec2049503618] Error 1
make[1]: Leaving directory `/home/h/catkin_ws/build/CMakeFiles/CMakeTmp'
make: *** [cmTryCompileExec2049503618/fast] Error 2

File /home/h/catkin_ws/build/CMakeFiles/CMakeTmp/CheckSymbolExists.c:
/* */
#include <pthread.h>

int main(int argc, char** argv)
{
  (void)argv;
#ifndef pthread_create
  return ((int*)(&pthread_create))[argc];
#else
  (void)argc;
  return 0;
#endif
}

Determining if the function pthread_create exists in the pthreads failed with the following output:
Change Dir: /home/h/catkin_ws/build/CMakeFiles/CMakeTmp

Run Build Command:/usr/bin/make "cmTryCompileExec2957598446/fast"
/usr/bin/make -f CMakeFiles/cmTryCompileExec2957598446.dir/build.make CMakeFiles/cmTryCompileExec2957598446.dir/build
make[1]: Entering directory `/home/h/catkin_ws/build/CMakeFiles/CMakeTmp'
/usr/bin/cmake -E cmake_progress_report /home/h/catkin_ws/build/CMakeFiles/CMakeTmp/CMakeFiles 1
Building C object CMakeFiles/cmTryCompileExec2957598446.dir/CheckFunctionExists.c.o
/usr/bin/cc   -DCHECK_FUNCTION_EXISTS=pthread_create   -o CMakeFiles/cmTryCompileExec2957598446.dir/CheckFunctionExists.c.o   -c /usr/share/cmake-2.8/Modules/CheckFunctionExists.c
Linking C executable cmTryCompileExec2957598446
/usr/bin/cmake -E cmake_link_script CMakeFiles/cmTryCompileExec2957598446.dir/link.txt --verbose=1
/usr/bin/cc   -DCHECK_FUNCTION_EXISTS=pthread_create    CMakeFiles/cmTryCompileExec2957598446.dir/CheckFunctionExists.c.o  -o cmTryCompileExec2957598446 -rdynamic -lpthreads 
/usr/bin/ld: cannot find -lpthreads
collect2: error: ld returned 1 exit status
make[1]: Leaving directory `/home/h/catkin_ws/build/CMakeFiles/CMakeTmp'
make[1]: *** [cmTryCompileExec2957598446] Error 1
make: *** [cmTryCompileExec2957598446/fast] Error 2


Determining if the Q_WS_WIN exist failed with the following output:
Change Dir: /home/h/catkin_ws/build/CMakeFiles/CMakeTmp

Run Build Command:/usr/bin/make "cmTryCompileExec3194722131/fast"
make[1]: Entering directory `/home/h/catkin_ws/build/CMakeFiles/CMakeTmp'
/usr/bin/make -f CMakeFiles/cmTryCompileExec3194722131.dir/build.make CMakeFiles/cmTryCompileExec3194722131.dir/build
make[2]: Entering directory `/home/h/catkin_ws/build/CMakeFiles/CMakeTmp'
/usr/bin/cmake -E cmake_progress_report /home/h/catkin_ws/build/CMakeFiles/CMakeTmp/CMakeFiles 1
Building CXX object CMakeFiles/cmTryCompileExec3194722131.dir/CheckSymbolExists.cxx.o
/usr/bin/c++    -I/usr/include/qt4    -o CMakeFiles/cmTryCompileExec3194722131.dir/CheckSymbolExists.cxx.o -c /home/h/catkin_ws/build/CMakeFiles/CMakeTmp/CheckSymbolExists.cxx
/home/h/catkin_ws/build/CMakeFiles/CMakeTmp/CheckSymbolExists.cxx: In function ‘int main(int, char**)’:
/home/h/catkin_ws/build/CMakeFiles/CMakeTmp/CheckSymbolExists.cxx:8:19: error: ‘Q_WS_WIN’ was not declared in this scope
   return ((int*)(&Q_WS_WIN))[argc];
                   ^
make[2]: Leaving directory `/home/h/catkin_ws/build/CMakeFiles/CMakeTmp'
make[2]: *** [CMakeFiles/cmTryCompileExec3194722131.dir/CheckSymbolExists.cxx.o] Error 1
make[1]: Leaving directory `/home/h/catkin_ws/build/CMakeFiles/CMakeTmp'
make[1]: *** [cmTryCompileExec3194722131/fast] Error 2

File /home/h/catkin_ws/build/CMakeFiles/CMakeTmp/CheckSymbolExists.cxx:
/* */
#include <QtCore/qglobal.h>

int main(int argc, char** argv)
{
  (void)argv;
#ifndef Q_WS_WIN
  return ((int*)(&Q_WS_WIN))[argc];
#else
  (void)argc;
  return 0;
#endif
}

Determining if the Q_WS_QWS exist failed with the following output:
Change Dir: /home/h/catkin_ws/build/CMakeFiles/CMakeTmp

Run Build Command:/usr/bin/make "cmTryCompileExec2105065460/fast"
make[1]: Entering directory `/home/h/catkin_ws/build/CMakeFiles/CMakeTmp'
/usr/bin/make -f CMakeFiles/cmTryCompileExec2105065460.dir/build.make CMakeFiles/cmTryCompileExec2105065460.dir/build
make[2]: Entering directory `/home/h/catkin_ws/build/CMakeFiles/CMakeTmp'
/usr/bin/cmake -E cmake_progress_report /home/h/catkin_ws/build/CMakeFiles/CMakeTmp/CMakeFiles 1
Building CXX object CMakeFiles/cmTryCompileExec2105065460.dir/CheckSymbolExists.cxx.o
/usr/bin/c++    -I/usr/include/qt4    -o CMakeFiles/cmTryCompileExec2105065460.dir/CheckSymbolExists.cxx.o -c /home/h/catkin_ws/build/CMakeFiles/CMakeTmp/CheckSymbolExists.cxx
/home/h/catkin_ws/build/CMakeFiles/CMakeTmp/CheckSymbolExists.cxx: In function ‘int main(int, char**)’:
/home/h/catkin_ws/build/CMakeFiles/CMakeTmp/CheckSymbolExists.cxx:8:19: error: ‘Q_WS_QWS’ was not declared in this scope
   return ((int*)(&Q_WS_QWS))[argc];
                   ^
make[2]: *** [CMakeFiles/cmTryCompileExec2105065460.dir/CheckSymbolExists.cxx.o] Error 1
make[2]: Leaving directory `/home/h/catkin_ws/build/CMakeFiles/CMakeTmp'
make[1]: Leaving directory `/home/h/catkin_ws/build/CMakeFiles/CMakeTmp'
make[1]: *** [cmTryCompileExec2105065460/fast] Error 2

File /home/h/catkin_ws/build/CMakeFiles/CMakeTmp/CheckSymbolExists.cxx:
/* */
#include <QtCore/qglobal.h>

int main(int argc, char** argv)
{
  (void)argv;
#ifndef Q_WS_QWS
  return ((int*)(&Q_WS_QWS))[argc];
#else
  (void)argc;
  return 0;
#endif
}

Determining if the Q_WS_MAC exist failed with the following output:
Change Dir: /home/h/catkin_ws/build/CMakeFiles/CMakeTmp

Run Build Command:/usr/bin/make "cmTryCompileExec3897254834/fast"
make[1]: Entering directory `/home/h/catkin_ws/build/CMakeFiles/CMakeTmp'
/usr/bin/make -f CMakeFiles/cmTryCompileExec3897254834.dir/build.make CMakeFiles/cmTryCompileExec3897254834.dir/build
make[2]: Entering directory `/home/h/catkin_ws/build/CMakeFiles/CMakeTmp'
/usr/bin/cmake -E cmake_progress_report /home/h/catkin_ws/build/CMakeFiles/CMakeTmp/CMakeFiles 1
Building CXX object CMakeFiles/cmTryCompileExec3897254834.dir/CheckSymbolExists.cxx.o
/usr/bin/c++    -I/usr/include/qt4    -o CMakeFiles/cmTryCompileExec3897254834.dir/CheckSymbolExists.cxx.o -c /home/h/catkin_ws/build/CMakeFiles/CMakeTmp/CheckSymbolExists.cxx
/home/h/catkin_ws/build/CMakeFiles/CMakeTmp/CheckSymbolExists.cxx: In function ‘int main(int, char**)’:
/home/h/catkin_ws/build/CMakeFiles/CMakeTmp/CheckSymbolExists.cxx:8:19: error: ‘Q_WS_MAC’ was not declared in this scope
   return ((int*)(&Q_WS_MAC))[argc];
                   ^
make[2]: Leaving directory `/home/h/catkin_ws/build/CMakeFiles/CMakeTmp'
make[2]: *** [CMakeFiles/cmTryCompileExec3897254834.dir/CheckSymbolExists.cxx.o] Error 1
make[1]: Leaving directory `/home/h/catkin_ws/build/CMakeFiles/CMakeTmp'
make[1]: *** [cmTryCompileExec3897254834/fast] Error 2

File /home/h/catkin_ws/build/CMakeFiles/CMakeTmp/CheckSymbolExists.cxx:
/* */
#include <QtCore/qglobal.h>

int main(int argc, char** argv)
{
  (void)argv;
#ifndef Q_WS_MAC
  return ((int*)(&Q_WS_MAC))[argc];
#else
  (void)argc;
  return 0;
#endif
}

Determining if the CL_VERSION_2_0 exist failed with the following output:
Change Dir: /home/h/catkin_ws/build/CMakeFiles/CMakeTmp

Run Build Command:/usr/bin/make "cmTryCompileExec3944605186/fast"
/usr/bin/make -f CMakeFiles/cmTryCompileExec3944605186.dir/build.make CMakeFiles/cmTryCompileExec3944605186.dir/build
make[1]: Entering directory `/home/h/catkin_ws/build/CMakeFiles/CMakeTmp'
/usr/bin/cmake -E cmake_progress_report /home/h/catkin_ws/build/CMakeFiles/CMakeTmp/CMakeFiles 1
Building C object CMakeFiles/cmTryCompileExec3944605186.dir/CheckSymbolExists.c.o
/usr/bin/cc    -o CMakeFiles/cmTryCompileExec3944605186.dir/CheckSymbolExists.c.o   -c /home/h/catkin_ws/build/CMakeFiles/CMakeTmp/CheckSymbolExists.c
/home/h/catkin_ws/build/CMakeFiles/CMakeTmp/CheckSymbolExists.c:2:47: fatal error: OpenCL_INCLUDE_DIR-NOTFOUND/CL/cl.h: No such file or directory
 #include <OpenCL_INCLUDE_DIR-NOTFOUND/CL/cl.h>
                                               ^
compilation terminated.
make[1]: Leaving directory `/home/h/catkin_ws/build/CMakeFiles/CMakeTmp'
make[1]: *** [CMakeFiles/cmTryCompileExec3944605186.dir/CheckSymbolExists.c.o] Error 1
make: *** [cmTryCompileExec3944605186/fast] Error 2

File /home/h/catkin_ws/build/CMakeFiles/CMakeTmp/CheckSymbolExists.c:
/* */
#include <OpenCL_INCLUDE_DIR-NOTFOUND/CL/cl.h>

int main(int argc, char** argv)
{
  (void)argv;
#ifndef CL_VERSION_2_0
  return ((int*)(&CL_VERSION_2_0))[argc];
#else
  (void)argc;
  return 0;
#endif
}

Determining if the CL_VERSION_1_2 exist failed with the following output:
Change Dir: /home/h/catkin_ws/build/CMakeFiles/CMakeTmp

Run Build Command:/usr/bin/make "cmTryCompileExec3941855105/fast"
/usr/bin/make -f CMakeFiles/cmTryCompileExec3941855105.dir/build.make CMakeFiles/cmTryCompileExec3941855105.dir/build
make[1]: Entering directory `/home/h/catkin_ws/build/CMakeFiles/CMakeTmp'
/usr/bin/cmake -E cmake_progress_report /home/h/catkin_ws/build/CMakeFiles/CMakeTmp/CMakeFiles 1
Building C object CMakeFiles/cmTryCompileExec3941855105.dir/CheckSymbolExists.c.o
/usr/bin/cc    -o CMakeFiles/cmTryCompileExec3941855105.dir/CheckSymbolExists.c.o   -c /home/h/catkin_ws/build/CMakeFiles/CMakeTmp/CheckSymbolExists.c
/home/h/catkin_ws/build/CMakeFiles/CMakeTmp/CheckSymbolExists.c:2:47: fatal error: OpenCL_INCLUDE_DIR-NOTFOUND/CL/cl.h: No such file or directory
 #include <OpenCL_INCLUDE_DIR-NOTFOUND/CL/cl.h>
                                               ^
compilation terminated.
make[1]: Leaving directory `/home/h/catkin_ws/build/CMakeFiles/CMakeTmp'
make[1]: *** [CMakeFiles/cmTryCompileExec3941855105.dir/CheckSymbolExists.c.o] Error 1
make: *** [cmTryCompileExec3941855105/fast] Error 2

File /home/h/catkin_ws/build/CMakeFiles/CMakeTmp/CheckSymbolExists.c:
/* */
#include <OpenCL_INCLUDE_DIR-NOTFOUND/CL/cl.h>

int main(int argc, char** argv)
{
  (void)argv;
#ifndef CL_VERSION_1_2
  return ((int*)(&CL_VERSION_1_2))[argc];
#else
  (void)argc;
  return 0;
#endif
}

Determining if the CL_VERSION_1_1 exist failed with the following output:
Change Dir: /home/h/catkin_ws/build/CMakeFiles/CMakeTmp

Run Build Command:/usr/bin/make "cmTryCompileExec3454260780/fast"
/usr/bin/make -f CMakeFiles/cmTryCompileExec3454260780.dir/build.make CMakeFiles/cmTryCompileExec3454260780.dir/build
make[1]: Entering directory `/home/h/catkin_ws/build/CMakeFiles/CMakeTmp'
/usr/bin/cmake -E cmake_progress_report /home/h/catkin_ws/build/CMakeFiles/CMakeTmp/CMakeFiles 1
Building C object CMakeFiles/cmTryCompileExec3454260780.dir/CheckSymbolExists.c.o
/usr/bin/cc    -o CMakeFiles/cmTryCompileExec3454260780.dir/CheckSymbolExists.c.o   -c /home/h/catkin_ws/build/CMakeFiles/CMakeTmp/CheckSymbolExists.c
/home/h/catkin_ws/build/CMakeFiles/CMakeTmp/CheckSymbolExists.c:2:47: fatal error: OpenCL_INCLUDE_DIR-NOTFOUND/CL/cl.h: No such file or directory
 #include <OpenCL_INCLUDE_DIR-NOTFOUND/CL/cl.h>
                                               ^
compilation terminated.
make[1]: *** [CMakeFiles/cmTryCompileExec3454260780.dir/CheckSymbolExists.c.o] Error 1
make[1]: Leaving directory `/home/h/catkin_ws/build/CMakeFiles/CMakeTmp'
make: *** [cmTryCompileExec3454260780/fast] Error 2

File /home/h/catkin_ws/build/CMakeFiles/CMakeTmp/CheckSymbolExists.c:
/* */
#include <OpenCL_INCLUDE_DIR-NOTFOUND/CL/cl.h>

int main(int argc, char** argv)
{
  (void)argv;
#ifndef CL_VERSION_1_1
  return ((int*)(&CL_VERSION_1_1))[argc];
#else
  (void)argc;
  return 0;
#endif
}

Determining if the CL_VERSION_1_0 exist failed with the following output:
Change Dir: /home/h/catkin_ws/build/CMakeFiles/CMakeTmp

Run Build Command:/usr/bin/make "cmTryCompileExec1081185948/fast"
/usr/bin/make -f CMakeFiles/cmTryCompileExec1081185948.dir/build.make CMakeFiles/cmTryCompileExec1081185948.dir/build
make[1]: Entering directory `/home/h/catkin_ws/build/CMakeFiles/CMakeTmp'
/usr/bin/cmake -E cmake_progress_report /home/h/catkin_ws/build/CMakeFiles/CMakeTmp/CMakeFiles 1
Building C object CMakeFiles/cmTryCompileExec1081185948.dir/CheckSymbolExists.c.o
/usr/bin/cc    -o CMakeFiles/cmTryCompileExec1081185948.dir/CheckSymbolExists.c.o   -c /home/h/catkin_ws/build/CMakeFiles/CMakeTmp/CheckSymbolExists.c
/home/h/catkin_ws/build/CMakeFiles/CMakeTmp/CheckSymbolExists.c:2:47: fatal error: OpenCL_INCLUDE_DIR-NOTFOUND/CL/cl.h: No such file or directory
 #include <OpenCL_INCLUDE_DIR-NOTFOUND/CL/cl.h>
                                               ^
compilation terminated.
make[1]: Leaving directory `/home/h/catkin_ws/build/CMakeFiles/CMakeTmp'
make[1]: *** [CMakeFiles/cmTryCompileExec1081185948.dir/CheckSymbolExists.c.o] Error 1
make: *** [cmTryCompileExec1081185948/fast] Error 2

File /home/h/catkin_ws/build/CMakeFiles/CMakeTmp/CheckSymbolExists.c:
/* */
#include <OpenCL_INCLUDE_DIR-NOTFOUND/CL/cl.h>

int main(int argc, char** argv)
{
  (void)argv;
#ifndef CL_VERSION_1_0
  return ((int*)(&CL_VERSION_1_0))[argc];
#else
  (void)argc;
  return 0;
#endif
}

